2025-05-31 00:05:44,641 - __main__ - INFO - Screen Capture Tool initialized
2025-05-31 00:06:02,041 - __main__ - INFO - Status: Select region for recording...
2025-05-31 00:06:04,950 - __main__ - INFO - Started recording to D:\screentool\recording_20250531_000604.mp4
2025-05-31 00:06:04,951 - __main__ - INFO - Status: Recording to: recording_20250531_000604.mp4
2025-05-31 00:06:04,951 - __main__ - INFO - Recording started: D:\screentool\recording_20250531_000604.mp4
2025-05-31 00:07:03,745 - __main__ - INFO - Status: Stopping recording...
2025-05-31 00:07:03,746 - __main__ - INFO - Stopping recording...
2025-05-31 00:07:03,759 - __main__ - INFO - Recording completed. Frames recorded: 808
2025-05-31 00:07:03,762 - __main__ - INFO - Recording stopped successfully
2025-05-31 00:07:03,766 - __main__ - INFO - Video writer released
2025-05-31 00:07:03,766 - __main__ - INFO - Status: Recording saved: recording_20250531_000604.mp4
2025-05-31 00:07:05,429 - __main__ - INFO - Recording completed: D:\screentool\recording_20250531_000604.mp4
2025-05-31 00:07:07,796 - __main__ - INFO - Application shutdown
2025-05-31 00:07:42,229 - __main__ - INFO - Screen Capture Tool initialized
2025-05-31 00:07:48,972 - __main__ - INFO - Application shutdown
2025-05-31 00:08:33,623 - __main__ - INFO - Screen Capture Tool initialized
2025-05-31 00:08:45,082 - __main__ - INFO - Application shutdown
2025-05-31 00:11:35,738 - __main__ - INFO - Screen Capture Tool initialized
2025-05-31 00:11:53,680 - __main__ - INFO - Application shutdown
2025-05-31 00:14:36,790 - __main__ - INFO - Screen Capture Tool initialized
2025-05-31 00:14:38,420 - __main__ - INFO - Status: Select region for screenshot...
2025-05-31 00:14:41,164 - __main__ - INFO - Status: Screenshot saved: screenshot_20250531_001440.png
2025-05-31 00:14:43,995 - __main__ - INFO - Screenshot saved: D:\screentool\screenshot_20250531_001440.png
2025-05-31 00:14:46,168 - __main__ - INFO - Status: Ready
2025-05-31 00:15:00,371 - __main__ - INFO - Application shutdown
2025-05-31 00:16:56,860 - __main__ - INFO - Screen Capture Tool initialized
2025-05-31 00:17:18,383 - __main__ - INFO - Application shutdown
2025-05-31 00:18:05,460 - __main__ - INFO - Screen Capture Tool initialized
2025-05-31 00:18:21,184 - __main__ - INFO - Application shutdown
2025-05-31 00:24:12,962 - __main__ - INFO - Screen Capture Tool initialized
2025-05-31 00:24:25,417 - __main__ - INFO - Application shutdown
2025-05-31 00:27:08,834 - __main__ - INFO - Screen Capture Tool initialized
2025-05-31 00:27:32,426 - __main__ - INFO - Application shutdown
2025-05-31 00:28:05,941 - __main__ - INFO - Screen Capture Tool initialized
2025-05-31 00:28:08,824 - __main__ - INFO - Status: Select region for recording...
2025-05-31 00:28:12,620 - __main__ - ERROR - Invalid selection: Width and height must be positive
2025-05-31 00:28:14,115 - __main__ - ERROR - Invalid selection: Width and height must be positive
2025-05-31 00:28:15,100 - __main__ - ERROR - Invalid selection: Width and height must be positive
2025-05-31 00:28:16,847 - __main__ - ERROR - Invalid selection: Width and height must be positive
2025-05-31 00:28:23,432 - __main__ - INFO - Status: Recording cancelled
2025-05-31 00:28:26,444 - __main__ - INFO - Status: Ready
2025-05-31 00:28:26,457 - __main__ - INFO - Status: Recording cancelled
2025-05-31 00:28:27,767 - __main__ - INFO - Status: Recording cancelled
2025-05-31 00:28:29,477 - __main__ - INFO - Status: Ready
2025-05-31 00:28:30,138 - __main__ - INFO - Status: Recording cancelled
2025-05-31 00:28:30,782 - __main__ - INFO - Status: Ready
2025-05-31 00:28:33,148 - __main__ - INFO - Status: Ready
2025-05-31 00:28:36,300 - __main__ - INFO - Status: Select region for recording...
2025-05-31 00:28:38,795 - __main__ - INFO - Started recording to D:\screentool\Recording_20250531_002838.mp4
2025-05-31 00:28:38,799 - __main__ - INFO - Status: Recording to: Recording_20250531_002838.mp4
2025-05-31 00:28:38,799 - __main__ - INFO - Recording started: D:\screentool\Recording_20250531_002838.mp4
2025-05-31 00:28:53,546 - __main__ - INFO - Status: Stopping recording...
2025-05-31 00:28:53,547 - __main__ - INFO - Stopping recording...
2025-05-31 00:28:53,578 - __main__ - INFO - Recording completed. Frames recorded: 202
2025-05-31 00:28:53,581 - __main__ - INFO - Recording stopped successfully
2025-05-31 00:28:53,584 - __main__ - INFO - Video writer released
2025-05-31 00:28:53,585 - __main__ - INFO - Status: Recording saved: Recording_20250531_002838.mp4
2025-05-31 00:28:55,175 - __main__ - INFO - Recording completed: D:\screentool\Recording_20250531_002838.mp4
2025-05-31 00:28:58,585 - __main__ - INFO - Status: Ready
2025-05-31 00:29:23,213 - __main__ - INFO - Application shutdown
2025-05-31 00:31:26,694 - __main__ - INFO - Screen Capture Tool initialized
2025-05-31 00:31:30,868 - __main__ - INFO - Status: Select region for recording...
2025-05-31 00:31:33,320 - __main__ - INFO - Started recording to D:\screentool\recording_20250531_003133.mp4
2025-05-31 00:31:33,323 - __main__ - INFO - Status: Recording to: recording_20250531_003133.mp4
2025-05-31 00:31:33,327 - __main__ - INFO - Recording started: D:\screentool\recording_20250531_003133.mp4
2025-05-31 00:31:44,401 - __main__ - INFO - Status: Stopping recording...
2025-05-31 00:31:44,402 - __main__ - INFO - Stopping recording...
2025-05-31 00:31:44,409 - __main__ - INFO - Recording completed. Frames recorded: 163
2025-05-31 00:31:44,411 - __main__ - INFO - Recording stopped successfully
2025-05-31 00:31:44,415 - __main__ - INFO - Video writer released
2025-05-31 00:31:44,416 - __main__ - INFO - Status: Recording saved: recording_20250531_003133.mp4
2025-05-31 00:31:46,673 - __main__ - INFO - Recording completed: D:\screentool\recording_20250531_003133.mp4
2025-05-31 00:31:48,773 - __main__ - INFO - Status: Select region for recording...
2025-05-31 00:31:49,359 - __main__ - ERROR - Invalid selection: Width and height must be positive
2025-05-31 00:31:49,428 - __main__ - INFO - Status: Ready
2025-05-31 00:31:50,705 - __main__ - ERROR - Invalid selection: Width and height must be positive
2025-05-31 00:31:51,203 - __main__ - ERROR - Invalid selection: Width and height must be positive
2025-05-31 00:31:51,632 - __main__ - ERROR - Invalid selection: Width and height must be positive
2025-05-31 00:31:51,818 - __main__ - ERROR - Invalid selection: Width and height must be positive
2025-05-31 00:31:52,120 - __main__ - ERROR - Invalid selection: Width and height must be positive
2025-05-31 00:31:52,296 - __main__ - ERROR - Invalid selection: Width and height must be positive
2025-05-31 00:31:52,491 - __main__ - ERROR - Invalid selection: Width and height must be positive
2025-05-31 00:31:52,618 - __main__ - ERROR - Invalid selection: Width and height must be positive
2025-05-31 00:31:52,804 - __main__ - ERROR - Invalid selection: Width and height must be positive
2025-05-31 00:31:53,096 - __main__ - ERROR - Invalid selection: Width and height must be positive
2025-05-31 00:31:53,350 - __main__ - ERROR - Invalid selection: Width and height must be positive
2025-05-31 00:31:53,525 - __main__ - ERROR - Invalid selection: Width and height must be positive
2025-05-31 00:31:53,711 - __main__ - ERROR - Invalid selection: Width and height must be positive
2025-05-31 00:31:53,906 - __main__ - ERROR - Invalid selection: Width and height must be positive
2025-05-31 00:31:54,072 - __main__ - ERROR - Invalid selection: Width and height must be positive
2025-05-31 00:31:54,238 - __main__ - ERROR - Invalid selection: Width and height must be positive
2025-05-31 00:31:54,413 - __main__ - ERROR - Invalid selection: Width and height must be positive
2025-05-31 00:31:54,618 - __main__ - ERROR - Invalid selection: Width and height must be positive
2025-05-31 00:31:55,652 - __main__ - ERROR - Invalid selection: Width and height must be positive
2025-05-31 00:31:56,296 - __main__ - INFO - Status: Recording cancelled
2025-05-31 00:31:59,318 - __main__ - INFO - Status: Ready
2025-05-31 00:32:01,117 - __main__ - INFO - Status: Recording cancelled
2025-05-31 00:32:02,180 - __main__ - INFO - Status: Recording cancelled
2025-05-31 00:32:02,765 - __main__ - INFO - Status: Recording cancelled
2025-05-31 00:32:03,369 - __main__ - INFO - Status: Recording cancelled
2025-05-31 00:32:03,584 - __main__ - INFO - Status: Recording cancelled
2025-05-31 00:32:03,759 - __main__ - INFO - Status: Recording cancelled
2025-05-31 00:32:04,122 - __main__ - INFO - Status: Ready
2025-05-31 00:32:04,412 - __main__ - INFO - Status: Recording cancelled
2025-05-31 00:32:04,618 - __main__ - INFO - Status: Recording cancelled
2025-05-31 00:32:04,999 - __main__ - INFO - Status: Recording cancelled
2025-05-31 00:32:05,183 - __main__ - INFO - Status: Ready
2025-05-31 00:32:05,339 - __main__ - INFO - Status: Recording cancelled
2025-05-31 00:32:05,749 - __main__ - INFO - Status: Recording cancelled
2025-05-31 00:32:05,775 - __main__ - INFO - Status: Ready
2025-05-31 00:32:06,386 - __main__ - INFO - Status: Ready
2025-05-31 00:32:06,596 - __main__ - INFO - Status: Ready
2025-05-31 00:32:06,714 - __main__ - INFO - Status: Recording cancelled
2025-05-31 00:32:06,770 - __main__ - INFO - Status: Ready
2025-05-31 00:32:07,418 - __main__ - INFO - Status: Ready
2025-05-31 00:32:07,629 - __main__ - INFO - Status: Ready
2025-05-31 00:32:08,016 - __main__ - INFO - Status: Ready
2025-05-31 00:32:08,151 - __main__ - INFO - Status: Recording cancelled
2025-05-31 00:32:08,345 - __main__ - INFO - Status: Ready
2025-05-31 00:32:08,763 - __main__ - INFO - Status: Ready
2025-05-31 00:32:09,183 - __main__ - INFO - Status: Recording cancelled
2025-05-31 00:32:09,721 - __main__ - INFO - Status: Ready
2025-05-31 00:32:09,906 - __main__ - INFO - Status: Recording cancelled
2025-05-31 00:32:10,365 - __main__ - INFO - Status: Recording cancelled
2025-05-31 00:32:10,989 - __main__ - INFO - Status: Recording cancelled
2025-05-31 00:32:11,159 - __main__ - INFO - Status: Ready
2025-05-31 00:32:12,197 - __main__ - INFO - Status: Ready
2025-05-31 00:32:12,502 - __main__ - INFO - Status: Recording cancelled
2025-05-31 00:32:12,909 - __main__ - INFO - Status: Ready
2025-05-31 00:32:13,089 - __main__ - INFO - Status: Recording cancelled
2025-05-31 00:32:13,367 - __main__ - INFO - Status: Ready
2025-05-31 00:32:13,995 - __main__ - INFO - Status: Ready
2025-05-31 00:32:15,504 - __main__ - INFO - Status: Ready
2025-05-31 00:32:16,093 - __main__ - INFO - Status: Ready
2025-05-31 00:32:18,315 - __main__ - INFO - Application shutdown
2025-05-31 00:35:01,144 - __main__ - INFO - Screen Capture Tool initialized
2025-05-31 00:35:21,585 - __main__ - INFO - Application shutdown
2025-05-31 00:35:29,923 - __main__ - INFO - Screen Capture Tool initialized
2025-05-31 00:35:35,126 - __main__ - INFO - Application shutdown
2025-05-31 00:35:48,870 - __main__ - INFO - Screen Capture Tool initialized
2025-05-31 00:36:12,876 - __main__ - INFO - Status: Select region for screenshot...
2025-05-31 00:36:15,833 - __main__ - INFO - Status: Screenshot saved: screenshot_20250531_003615.png
2025-05-31 00:36:17,634 - __main__ - INFO - Screenshot saved: D:\screentool\screenshot_20250531_003615.png
2025-05-31 00:36:19,146 - __main__ - INFO - Application shutdown
2025-05-31 00:44:36,713 - __main__ - INFO - Screen Capture Tool initialized
2025-05-31 00:45:00,221 - __main__ - INFO - Application shutdown
